Buildfile: C:/Work/workspaceNW5/MDMNW/mdmgen.xml
Starting task:description
Task:description took 159 ms
Starting task:property
Task:property took 4 ms
Starting task:xmlproperty
Task:xmlproperty took 11 ms
Starting task:eclipse.convertPath
Task:eclipse.convertPath took 11 ms
Starting target:init
Starting task:mdm.outputVersion
[mdm.outputVersion] Server version: 11.6.0
[mdm.outputVersion] Workbench version: 11.6.0.201806071056
Task:mdm.outputVersion took 17 ms
Starting task:mdm.setproperty
Task:mdm.setproperty took 63 ms
Starting task:mdm.setSourceFolder
Task:mdm.setSourceFolder took 20 ms
Target: init took 103 ms
Starting target:validate
Starting task:mdm.validate
Task:mdm.validate took 287 ms
Starting task:fail
Task:fail took 3 ms
Target: validate took 290 ms
Starting target:checkUpdate
Starting task:condition
Task:condition took 16 ms
Target: checkUpdate took 17 ms
Starting target:update
Starting task:mdm.cleanup
Task:mdm.cleanup took 2736 ms
Target: update took 2736 ms
Starting target:sql
Starting task:mdm.runTransform
Task:mdm.runTransform took 4115 ms
Target: sql took 4115 ms
Starting target:preGenSanityTest
Starting task:mdm.checkModuleDependencies
Task:mdm.checkModuleDependencies took 6 ms
Starting task:fail
Task:fail took 0 ms
Target: preGenSanityTest took 6 ms
Starting target:implementation
Starting task:mdm.runTransform
Task:mdm.runTransform took 1346 ms
Starting task:eclipse.incrementalBuild
Task:eclipse.incrementalBuild took 721 ms
Starting task:mdm.runTransform
[mdm.runTransform] java.lang.NoClassDefFoundError: com.dwl.base.accessdatevalue.component.DWLAccessDateValueBObj
[mdm.runTransform] 	at java.lang.Class.getDeclaredMethodsImpl(Native Method)
[mdm.runTransform] 	at java.lang.Class.getDeclaredMethods(Class.java:1009)
[mdm.runTransform] 	at com.ibm.mdm.tools.models.jet.utils.ExtensionHelper.getEObjMethodName(ExtensionHelper.java:113)
[mdm.runTransform] 	at com.ibm.mdm.tools.models.jet.utils.ExtensionHelper.getEObjMethodName(ExtensionHelper.java:144)
[mdm.runTransform] 	at com.ibm.mdm.tools.models.core.template.component.XBNBObjMessageTemplate.generate(XBNBObjMessageTemplate.java:870)
[mdm.runTransform] 	at org.eclipse.jet.transform.TransformContextExtender.doExecute(TransformContextExtender.java:236)
[mdm.runTransform] 	at org.eclipse.jet.transform.TransformContextExtender.executeWithMonitor(TransformContextExtender.java:147)
[mdm.runTransform] 	at org.eclipse.jet.transform.TransformContextExtender.execute(TransformContextExtender.java:206)
[mdm.runTransform] 	at org.eclipse.jet.transform.TransformContextExtender.execute(TransformContextExtender.java:124)
[mdm.runTransform] 	at org.eclipse.jet.internal.taglib.java.AbstractJavaFileTag.doAction(AbstractJavaFileTag.java:95)
[mdm.runTransform] 	at org.eclipse.jet.internal.runtime.SafeEmptyRuntimeTag$1.doRun(SafeEmptyRuntimeTag.java:49)
[mdm.runTransform] 	at org.eclipse.jet.internal.runtime.SafeCustomRuntimeTag$TagSafeRunnable.run(SafeCustomRuntimeTag.java:78)
[mdm.runTransform] 	at org.eclipse.core.runtime.SafeRunner.run(SafeRunner.java:42)
[mdm.runTransform] 	at org.eclipse.core.runtime.Platform.run(Platform.java:867)
[mdm.runTransform] 	at org.eclipse.jet.internal.runtime.SafeEmptyRuntimeTag.doStart(SafeEmptyRuntimeTag.java:43)
[mdm.runTransform] 	at org.eclipse.jet.compiled._jet_implmain.generate(_jet_implmain.java:1190)
[mdm.runTransform] 	at org.eclipse.jet.transform.TransformContextExtender.doExecute(TransformContextExtender.java:236)
[mdm.runTransform] 	at org.eclipse.jet.transform.TransformContextExtender.executeWithMonitor(TransformContextExtender.java:147)
[mdm.runTransform] 	at org.eclipse.jet.transform.TransformContextExtender.execute(TransformContextExtender.java:206)
[mdm.runTransform] 	at org.eclipse.jet.internal.taglib.control.IncludeTag.doAction(IncludeTag.java:79)
[mdm.runTransform] 	at org.eclipse.jet.internal.runtime.SafeEmptyRuntimeTag$1.doRun(SafeEmptyRuntimeTag.java:49)
[mdm.runTransform] 	at org.eclipse.jet.internal.runtime.SafeCustomRuntimeTag$TagSafeRunnable.run(SafeCustomRuntimeTag.java:78)
[mdm.runTransform] 	at org.eclipse.core.runtime.SafeRunner.run(SafeRunner.java:42)
[mdm.runTransform] 	at org.eclipse.core.runtime.Platform.run(Platform.java:867)
[mdm.runTransform] 	at org.eclipse.jet.internal.runtime.SafeEmptyRuntimeTag.doStart(SafeEmptyRuntimeTag.java:43)
[mdm.runTransform] 	at org.eclipse.jet.compiled._jet_main.generate(_jet_main.java:80)
[mdm.runTransform] 	at org.eclipse.jet.transform.TransformContextExtender.doExecute(TransformContextExtender.java:236)
[mdm.runTransform] 	at org.eclipse.jet.transform.TransformContextExtender.executeWithMonitor(TransformContextExtender.java:147)
[mdm.runTransform] 	at org.eclipse.jet.transform.TransformContextExtender.execute(TransformContextExtender.java:206)
[mdm.runTransform] 	at org.eclipse.jet.transform.TransformContextExtender.execute(TransformContextExtender.java:124)
[mdm.runTransform] 	at org.eclipse.jet.JET2Platform$5.run(JET2Platform.java:450)
[mdm.runTransform] 	at org.eclipse.jet.internal.runtime.JETBundleManager.run(JETBundleManager.java:340)
[mdm.runTransform] 	at org.eclipse.jet.JET2Platform.runTransform(JET2Platform.java:419)
[mdm.runTransform] 	at org.eclipse.jet.JET2Platform.runTransformOnObject(JET2Platform.java:518)
[mdm.runTransform] 	at com.ibm.mdm.tools.models.core.codegen.ant.RunTransformImpl.execute(RunTransformImpl.java:105)
[mdm.runTransform] 	at com.ibm.mdm.tools.models.core.codegen.ant.RunTransform.execute(RunTransform.java:103)
[mdm.runTransform] 	at org.apache.tools.ant.UnknownElement.execute(UnknownElement.java:292)
[mdm.runTransform] 	at sun.reflect.GeneratedMethodAccessor50.invoke(Unknown Source)
[mdm.runTransform] 	at sun.reflect.DelegatingMethodAccessorImpl.invoke(DelegatingMethodAccessorImpl.java:55)
[mdm.runTransform] 	at java.lang.reflect.Method.invoke(Method.java:507)
[mdm.runTransform] 	at org.apache.tools.ant.dispatch.DispatchUtils.execute(DispatchUtils.java:106)
[mdm.runTransform] 	at org.apache.tools.ant.Task.perform(Task.java:348)
[mdm.runTransform] 	at org.apache.tools.ant.Target.execute(Target.java:435)
[mdm.runTransform] 	at org.apache.tools.ant.Target.performTasks(Target.java:456)
[mdm.runTransform] 	at org.apache.tools.ant.Project.executeSortedTargets(Project.java:1393)
[mdm.runTransform] 	at org.apache.tools.ant.Project.executeTarget(Project.java:1364)
[mdm.runTransform] 	at org.apache.tools.ant.helper.DefaultExecutor.executeTargets(DefaultExecutor.java:41)
[mdm.runTransform] 	at org.eclipse.ant.internal.core.ant.EclipseDefaultExecutor.executeTargets(EclipseDefaultExecutor.java:36)
[mdm.runTransform] 	at org.apache.tools.ant.Project.executeTargets(Project.java:1248)
[mdm.runTransform] 	at org.eclipse.ant.internal.core.ant.InternalAntRunner.run(InternalAntRunner.java:703)
[mdm.runTransform] 	at org.eclipse.ant.internal.core.ant.InternalAntRunner.run(InternalAntRunner.java:525)
[mdm.runTransform] 	at sun.reflect.NativeMethodAccessorImpl.invoke0(Native Method)
[mdm.runTransform] 	at sun.reflect.NativeMethodAccessorImpl.invoke(NativeMethodAccessorImpl.java:95)
[mdm.runTransform] 	at sun.reflect.DelegatingMethodAccessorImpl.invoke(DelegatingMethodAccessorImpl.java:55)
[mdm.runTransform] 	at java.lang.reflect.Method.invoke(Method.java:507)
[mdm.runTransform] 	at org.eclipse.ant.core.AntRunner.run(AntRunner.java:371)
[mdm.runTransform] 	at com.ibm.mdm.tools.models.core.codegen.RunBuildScriptJob.runInWorkspace(RunBuildScriptJob.java:146)
[mdm.runTransform] 	at org.eclipse.core.internal.resources.InternalWorkspaceJob.run(InternalWorkspaceJob.java:38)
[mdm.runTransform] 	at org.eclipse.core.internal.jobs.Worker.run(Worker.java:54)
[mdm.runTransform] Caused by: java.lang.ClassNotFoundException: com.dwl.base.accessdatevalue.component.DWLAccessDateValueBObj
[mdm.runTransform] 	at java.net.URLClassLoader.findClass(URLClassLoader.java:607)
[mdm.runTransform] 	at java.lang.ClassLoader.loadClassHelper(ClassLoader.java:797)
[mdm.runTransform] 	at java.lang.ClassLoader.loadClass(ClassLoader.java:771)
[mdm.runTransform] 	at java.lang.ClassLoader.loadClass(ClassLoader.java:752)
[mdm.runTransform] 	... 59 more
Task:mdm.runTransform took 9220 ms
Starting task:mdm.runTransform
[mdm.runTransform] java.lang.NoClassDefFoundError: com.dwl.base.accessdatevalue.component.DWLAccessDateValueBObj
[mdm.runTransform] 	at java.lang.Class.getDeclaredMethodsImpl(Native Method)
[mdm.runTransform] 	at java.lang.Class.getDeclaredMethods(Class.java:1009)
[mdm.runTransform] 	at com.ibm.mdm.tools.models.jet.utils.ExtensionHelper.getEObjMethodName(ExtensionHelper.java:113)
[mdm.runTransform] 	at com.ibm.mdm.tools.models.jet.utils.ExtensionHelper.getEObjMethodName(ExtensionHelper.java:144)
[mdm.runTransform] 	at com.ibm.mdm.tools.models.core.template.component.XBNBObjJavaTemplate.generate(XBNBObjJavaTemplate.java:780)
[mdm.runTransform] 	at org.eclipse.jet.transform.TransformContextExtender.doExecute(TransformContextExtender.java:236)
[mdm.runTransform] 	at org.eclipse.jet.transform.TransformContextExtender.executeWithMonitor(TransformContextExtender.java:147)
[mdm.runTransform] 	at org.eclipse.jet.transform.TransformContextExtender.execute(TransformContextExtender.java:206)
[mdm.runTransform] 	at org.eclipse.jet.transform.TransformContextExtender.execute(TransformContextExtender.java:124)
[mdm.runTransform] 	at org.eclipse.jet.internal.taglib.java.AbstractJavaFileTag.doAction(AbstractJavaFileTag.java:95)
[mdm.runTransform] 	at org.eclipse.jet.internal.runtime.SafeEmptyRuntimeTag$1.doRun(SafeEmptyRuntimeTag.java:49)
[mdm.runTransform] 	at org.eclipse.jet.internal.runtime.SafeCustomRuntimeTag$TagSafeRunnable.run(SafeCustomRuntimeTag.java:78)
[mdm.runTransform] 	at org.eclipse.core.runtime.SafeRunner.run(SafeRunner.java:42)
[mdm.runTransform] 	at org.eclipse.core.runtime.Platform.run(Platform.java:867)
[mdm.runTransform] 	at org.eclipse.jet.internal.runtime.SafeEmptyRuntimeTag.doStart(SafeEmptyRuntimeTag.java:43)
[mdm.runTransform] 	at org.eclipse.jet.compiled._jet_implejbmain.generate(_jet_implejbmain.java:365)
[mdm.runTransform] 	at org.eclipse.jet.transform.TransformContextExtender.doExecute(TransformContextExtender.java:236)
[mdm.runTransform] 	at org.eclipse.jet.transform.TransformContextExtender.executeWithMonitor(TransformContextExtender.java:147)
[mdm.runTransform] 	at org.eclipse.jet.transform.TransformContextExtender.execute(TransformContextExtender.java:206)
[mdm.runTransform] 	at org.eclipse.jet.internal.taglib.control.IncludeTag.doAction(IncludeTag.java:79)
[mdm.runTransform] 	at org.eclipse.jet.internal.runtime.SafeEmptyRuntimeTag$1.doRun(SafeEmptyRuntimeTag.java:49)
[mdm.runTransform] 	at org.eclipse.jet.internal.runtime.SafeCustomRuntimeTag$TagSafeRunnable.run(SafeCustomRuntimeTag.java:78)
[mdm.runTransform] 	at org.eclipse.core.runtime.SafeRunner.run(SafeRunner.java:42)
[mdm.runTransform] 	at org.eclipse.core.runtime.Platform.run(Platform.java:867)
[mdm.runTransform] 	at org.eclipse.jet.internal.runtime.SafeEmptyRuntimeTag.doStart(SafeEmptyRuntimeTag.java:43)
[mdm.runTransform] 	at org.eclipse.jet.compiled._jet_main.generate(_jet_main.java:80)
[mdm.runTransform] 	at org.eclipse.jet.transform.TransformContextExtender.doExecute(TransformContextExtender.java:236)
[mdm.runTransform] 	at org.eclipse.jet.transform.TransformContextExtender.executeWithMonitor(TransformContextExtender.java:147)
[mdm.runTransform] 	at org.eclipse.jet.transform.TransformContextExtender.execute(TransformContextExtender.java:206)
[mdm.runTransform] 	at org.eclipse.jet.transform.TransformContextExtender.execute(TransformContextExtender.java:124)
[mdm.runTransform] 	at org.eclipse.jet.JET2Platform$5.run(JET2Platform.java:450)
[mdm.runTransform] 	at org.eclipse.jet.internal.runtime.JETBundleManager.run(JETBundleManager.java:340)
[mdm.runTransform] 	at org.eclipse.jet.JET2Platform.runTransform(JET2Platform.java:419)
[mdm.runTransform] 	at org.eclipse.jet.JET2Platform.runTransformOnObject(JET2Platform.java:518)
[mdm.runTransform] 	at com.ibm.mdm.tools.models.core.codegen.ant.RunTransformImpl.execute(RunTransformImpl.java:105)
[mdm.runTransform] 	at com.ibm.mdm.tools.models.core.codegen.ant.RunTransform.execute(RunTransform.java:103)
[mdm.runTransform] 	at org.apache.tools.ant.UnknownElement.execute(UnknownElement.java:292)
[mdm.runTransform] 	at sun.reflect.GeneratedMethodAccessor50.invoke(Unknown Source)
[mdm.runTransform] 	at sun.reflect.DelegatingMethodAccessorImpl.invoke(DelegatingMethodAccessorImpl.java:55)
[mdm.runTransform] 	at java.lang.reflect.Method.invoke(Method.java:507)
[mdm.runTransform] 	at org.apache.tools.ant.dispatch.DispatchUtils.execute(DispatchUtils.java:106)
[mdm.runTransform] 	at org.apache.tools.ant.Task.perform(Task.java:348)
[mdm.runTransform] 	at org.apache.tools.ant.Target.execute(Target.java:435)
[mdm.runTransform] 	at org.apache.tools.ant.Target.performTasks(Target.java:456)
[mdm.runTransform] 	at org.apache.tools.ant.Project.executeSortedTargets(Project.java:1393)
[mdm.runTransform] 	at org.apache.tools.ant.Project.executeTarget(Project.java:1364)
[mdm.runTransform] 	at org.apache.tools.ant.helper.DefaultExecutor.executeTargets(DefaultExecutor.java:41)
[mdm.runTransform] 	at org.eclipse.ant.internal.core.ant.EclipseDefaultExecutor.executeTargets(EclipseDefaultExecutor.java:36)
[mdm.runTransform] 	at org.apache.tools.ant.Project.executeTargets(Project.java:1248)
[mdm.runTransform] 	at org.eclipse.ant.internal.core.ant.InternalAntRunner.run(InternalAntRunner.java:703)
[mdm.runTransform] 	at org.eclipse.ant.internal.core.ant.InternalAntRunner.run(InternalAntRunner.java:525)
[mdm.runTransform] 	at sun.reflect.NativeMethodAccessorImpl.invoke0(Native Method)
[mdm.runTransform] 	at sun.reflect.NativeMethodAccessorImpl.invoke(NativeMethodAccessorImpl.java:95)
[mdm.runTransform] 	at sun.reflect.DelegatingMethodAccessorImpl.invoke(DelegatingMethodAccessorImpl.java:55)
[mdm.runTransform] 	at java.lang.reflect.Method.invoke(Method.java:507)
[mdm.runTransform] 	at org.eclipse.ant.core.AntRunner.run(AntRunner.java:371)
[mdm.runTransform] 	at com.ibm.mdm.tools.models.core.codegen.RunBuildScriptJob.runInWorkspace(RunBuildScriptJob.java:146)
[mdm.runTransform] 	at org.eclipse.core.internal.resources.InternalWorkspaceJob.run(InternalWorkspaceJob.java:38)
[mdm.runTransform] 	at org.eclipse.core.internal.jobs.Worker.run(Worker.java:54)
[mdm.runTransform] Caused by: java.lang.ClassNotFoundException: com.dwl.base.accessdatevalue.component.DWLAccessDateValueBObj
[mdm.runTransform] 	at java.net.URLClassLoader.findClass(URLClassLoader.java:607)
[mdm.runTransform] 	at java.lang.ClassLoader.loadClassHelper(ClassLoader.java:797)
[mdm.runTransform] 	at java.lang.ClassLoader.loadClass(ClassLoader.java:771)
[mdm.runTransform] 	at java.lang.ClassLoader.loadClass(ClassLoader.java:752)
[mdm.runTransform] 	... 59 more
[mdm.runTransform] java.lang.NoClassDefFoundError: com.dwl.base.accessdatevalue.component.DWLAccessDateValueBObj
[mdm.runTransform] 	at java.lang.Class.getDeclaredMethodsImpl(Native Method)
[mdm.runTransform] 	at java.lang.Class.getDeclaredMethods(Class.java:1009)
[mdm.runTransform] 	at com.ibm.mdm.tools.models.jet.utils.ExtensionHelper.getEObjMethodName(ExtensionHelper.java:113)
[mdm.runTransform] 	at com.ibm.mdm.tools.models.jet.utils.ExtensionHelper.getEObjMethodName(ExtensionHelper.java:144)
[mdm.runTransform] 	at com.ibm.mdm.tools.models.core.template.component.XBNBObjJavaTemplate.generate(XBNBObjJavaTemplate.java:1142)
[mdm.runTransform] 	at org.eclipse.jet.transform.TransformContextExtender.doExecute(TransformContextExtender.java:236)
[mdm.runTransform] 	at org.eclipse.jet.transform.TransformContextExtender.executeWithMonitor(TransformContextExtender.java:147)
[mdm.runTransform] 	at org.eclipse.jet.transform.TransformContextExtender.execute(TransformContextExtender.java:206)
[mdm.runTransform] 	at org.eclipse.jet.transform.TransformContextExtender.execute(TransformContextExtender.java:124)
[mdm.runTransform] 	at org.eclipse.jet.internal.taglib.java.AbstractJavaFileTag.doAction(AbstractJavaFileTag.java:95)
[mdm.runTransform] 	at org.eclipse.jet.internal.runtime.SafeEmptyRuntimeTag$1.doRun(SafeEmptyRuntimeTag.java:49)
[mdm.runTransform] 	at org.eclipse.jet.internal.runtime.SafeCustomRuntimeTag$TagSafeRunnable.run(SafeCustomRuntimeTag.java:78)
[mdm.runTransform] 	at org.eclipse.core.runtime.SafeRunner.run(SafeRunner.java:42)
[mdm.runTransform] 	at org.eclipse.core.runtime.Platform.run(Platform.java:867)
[mdm.runTransform] 	at org.eclipse.jet.internal.runtime.SafeEmptyRuntimeTag.doStart(SafeEmptyRuntimeTag.java:43)
[mdm.runTransform] 	at org.eclipse.jet.compiled._jet_implejbmain.generate(_jet_implejbmain.java:365)
[mdm.runTransform] 	at org.eclipse.jet.transform.TransformContextExtender.doExecute(TransformContextExtender.java:236)
[mdm.runTransform] 	at org.eclipse.jet.transform.TransformContextExtender.executeWithMonitor(TransformContextExtender.java:147)
[mdm.runTransform] 	at org.eclipse.jet.transform.TransformContextExtender.execute(TransformContextExtender.java:206)
[mdm.runTransform] 	at org.eclipse.jet.internal.taglib.control.IncludeTag.doAction(IncludeTag.java:79)
[mdm.runTransform] 	at org.eclipse.jet.internal.runtime.SafeEmptyRuntimeTag$1.doRun(SafeEmptyRuntimeTag.java:49)
[mdm.runTransform] 	at org.eclipse.jet.internal.runtime.SafeCustomRuntimeTag$TagSafeRunnable.run(SafeCustomRuntimeTag.java:78)
[mdm.runTransform] 	at org.eclipse.core.runtime.SafeRunner.run(SafeRunner.java:42)
[mdm.runTransform] 	at org.eclipse.core.runtime.Platform.run(Platform.java:867)
[mdm.runTransform] 	at org.eclipse.jet.internal.runtime.SafeEmptyRuntimeTag.doStart(SafeEmptyRuntimeTag.java:43)
[mdm.runTransform] 	at org.eclipse.jet.compiled._jet_main.generate(_jet_main.java:80)
[mdm.runTransform] 	at org.eclipse.jet.transform.TransformContextExtender.doExecute(TransformContextExtender.java:236)
[mdm.runTransform] 	at org.eclipse.jet.transform.TransformContextExtender.executeWithMonitor(TransformContextExtender.java:147)
[mdm.runTransform] 	at org.eclipse.jet.transform.TransformContextExtender.execute(TransformContextExtender.java:206)
[mdm.runTransform] 	at org.eclipse.jet.transform.TransformContextExtender.execute(TransformContextExtender.java:124)
[mdm.runTransform] 	at org.eclipse.jet.JET2Platform$5.run(JET2Platform.java:450)
[mdm.runTransform] 	at org.eclipse.jet.internal.runtime.JETBundleManager.run(JETBundleManager.java:340)
[mdm.runTransform] 	at org.eclipse.jet.JET2Platform.runTransform(JET2Platform.java:419)
[mdm.runTransform] 	at org.eclipse.jet.JET2Platform.runTransformOnObject(JET2Platform.java:518)
[mdm.runTransform] 	at com.ibm.mdm.tools.models.core.codegen.ant.RunTransformImpl.execute(RunTransformImpl.java:105)
[mdm.runTransform] 	at com.ibm.mdm.tools.models.core.codegen.ant.RunTransform.execute(RunTransform.java:103)
[mdm.runTransform] 	at org.apache.tools.ant.UnknownElement.execute(UnknownElement.java:292)
[mdm.runTransform] 	at sun.reflect.GeneratedMethodAccessor50.invoke(Unknown Source)
[mdm.runTransform] 	at sun.reflect.DelegatingMethodAccessorImpl.invoke(DelegatingMethodAccessorImpl.java:55)
[mdm.runTransform] 	at java.lang.reflect.Method.invoke(Method.java:507)
[mdm.runTransform] 	at org.apache.tools.ant.dispatch.DispatchUtils.execute(DispatchUtils.java:106)
[mdm.runTransform] 	at org.apache.tools.ant.Task.perform(Task.java:348)
[mdm.runTransform] 	at org.apache.tools.ant.Target.execute(Target.java:435)
[mdm.runTransform] 	at org.apache.tools.ant.Target.performTasks(Target.java:456)
[mdm.runTransform] 	at org.apache.tools.ant.Project.executeSortedTargets(Project.java:1393)
[mdm.runTransform] 	at org.apache.tools.ant.Project.executeTarget(Project.java:1364)
[mdm.runTransform] 	at org.apache.tools.ant.helper.DefaultExecutor.executeTargets(DefaultExecutor.java:41)
[mdm.runTransform] 	at org.eclipse.ant.internal.core.ant.EclipseDefaultExecutor.executeTargets(EclipseDefaultExecutor.java:36)
[mdm.runTransform] 	at org.apache.tools.ant.Project.executeTargets(Project.java:1248)
[mdm.runTransform] 	at org.eclipse.ant.internal.core.ant.InternalAntRunner.run(InternalAntRunner.java:703)
[mdm.runTransform] 	at org.eclipse.ant.internal.core.ant.InternalAntRunner.run(InternalAntRunner.java:525)
[mdm.runTransform] 	at sun.reflect.NativeMethodAccessorImpl.invoke0(Native Method)
[mdm.runTransform] 	at sun.reflect.NativeMethodAccessorImpl.invoke(NativeMethodAccessorImpl.java:95)
[mdm.runTransform] 	at sun.reflect.DelegatingMethodAccessorImpl.invoke(DelegatingMethodAccessorImpl.java:55)
[mdm.runTransform] 	at java.lang.reflect.Method.invoke(Method.java:507)
[mdm.runTransform] 	at org.eclipse.ant.core.AntRunner.run(AntRunner.java:371)
[mdm.runTransform] 	at com.ibm.mdm.tools.models.core.codegen.RunBuildScriptJob.runInWorkspace(RunBuildScriptJob.java:146)
[mdm.runTransform] 	at org.eclipse.core.internal.resources.InternalWorkspaceJob.run(InternalWorkspaceJob.java:38)
[mdm.runTransform] 	at org.eclipse.core.internal.jobs.Worker.run(Worker.java:54)
[mdm.runTransform] Caused by: java.lang.ClassNotFoundException: com.dwl.base.accessdatevalue.component.DWLAccessDateValueBObj
[mdm.runTransform] 	at java.net.URLClassLoader.findClass(URLClassLoader.java:607)
[mdm.runTransform] 	at java.lang.ClassLoader.loadClassHelper(ClassLoader.java:797)
[mdm.runTransform] 	at java.lang.ClassLoader.loadClass(ClassLoader.java:771)
[mdm.runTransform] 	at java.lang.ClassLoader.loadClass(ClassLoader.java:752)
[mdm.runTransform] 	... 59 more
[mdm.runTransform] java.lang.NoClassDefFoundError: com.dwl.base.accessdatevalue.component.DWLAccessDateValueBObj
[mdm.runTransform] 	at java.lang.Class.getDeclaredMethodsImpl(Native Method)
[mdm.runTransform] 	at java.lang.Class.getDeclaredMethods(Class.java:1009)
[mdm.runTransform] 	at com.ibm.mdm.tools.models.jet.utils.ExtensionHelper.getEObjMethodName(ExtensionHelper.java:113)
[mdm.runTransform] 	at com.ibm.mdm.tools.models.jet.utils.ExtensionHelper.getEObjMethodName(ExtensionHelper.java:144)
[mdm.runTransform] 	at com.ibm.mdm.tools.models.core.template.component.XBNBObjExtensionTemplate.generate(XBNBObjExtensionTemplate.java:503)
[mdm.runTransform] 	at org.eclipse.jet.transform.TransformContextExtender.doExecute(TransformContextExtender.java:236)
[mdm.runTransform] 	at org.eclipse.jet.transform.TransformContextExtender.executeWithMonitor(TransformContextExtender.java:147)
[mdm.runTransform] 	at org.eclipse.jet.transform.TransformContextExtender.execute(TransformContextExtender.java:206)
[mdm.runTransform] 	at org.eclipse.jet.internal.taglib.control.IncludeTag.doAction(IncludeTag.java:79)
[mdm.runTransform] 	at org.eclipse.jet.internal.runtime.SafeEmptyRuntimeTag$1.doRun(SafeEmptyRuntimeTag.java:49)
[mdm.runTransform] 	at org.eclipse.jet.internal.runtime.SafeCustomRuntimeTag$TagSafeRunnable.run(SafeCustomRuntimeTag.java:78)
[mdm.runTransform] 	at org.eclipse.core.runtime.SafeRunner.run(SafeRunner.java:42)
[mdm.runTransform] 	at org.eclipse.core.runtime.Platform.run(Platform.java:867)
[mdm.runTransform] 	at org.eclipse.jet.internal.runtime.SafeEmptyRuntimeTag.doStart(SafeEmptyRuntimeTag.java:43)
[mdm.runTransform] 	at com.ibm.mdm.tools.models.core.template.component.XBNBObjJavaTemplate.generate(XBNBObjJavaTemplate.java:3859)
[mdm.runTransform] 	at org.eclipse.jet.transform.TransformContextExtender.doExecute(TransformContextExtender.java:236)
[mdm.runTransform] 	at org.eclipse.jet.transform.TransformContextExtender.executeWithMonitor(TransformContextExtender.java:147)
[mdm.runTransform] 	at org.eclipse.jet.transform.TransformContextExtender.execute(TransformContextExtender.java:206)
[mdm.runTransform] 	at org.eclipse.jet.transform.TransformContextExtender.execute(TransformContextExtender.java:124)
[mdm.runTransform] 	at org.eclipse.jet.internal.taglib.java.AbstractJavaFileTag.doAction(AbstractJavaFileTag.java:95)
[mdm.runTransform] 	at org.eclipse.jet.internal.runtime.SafeEmptyRuntimeTag$1.doRun(SafeEmptyRuntimeTag.java:49)
[mdm.runTransform] 	at org.eclipse.jet.internal.runtime.SafeCustomRuntimeTag$TagSafeRunnable.run(SafeCustomRuntimeTag.java:78)
[mdm.runTransform] 	at org.eclipse.core.runtime.SafeRunner.run(SafeRunner.java:42)
[mdm.runTransform] 	at org.eclipse.core.runtime.Platform.run(Platform.java:867)
[mdm.runTransform] 	at org.eclipse.jet.internal.runtime.SafeEmptyRuntimeTag.doStart(SafeEmptyRuntimeTag.java:43)
[mdm.runTransform] 	at org.eclipse.jet.compiled._jet_implejbmain.generate(_jet_implejbmain.java:365)
[mdm.runTransform] 	at org.eclipse.jet.transform.TransformContextExtender.doExecute(TransformContextExtender.java:236)
[mdm.runTransform] 	at org.eclipse.jet.transform.TransformContextExtender.executeWithMonitor(TransformContextExtender.java:147)
[mdm.runTransform] 	at org.eclipse.jet.transform.TransformContextExtender.execute(TransformContextExtender.java:206)
[mdm.runTransform] 	at org.eclipse.jet.internal.taglib.control.IncludeTag.doAction(IncludeTag.java:79)
[mdm.runTransform] 	at org.eclipse.jet.internal.runtime.SafeEmptyRuntimeTag$1.doRun(SafeEmptyRuntimeTag.java:49)
[mdm.runTransform] 	at org.eclipse.jet.internal.runtime.SafeCustomRuntimeTag$TagSafeRunnable.run(SafeCustomRuntimeTag.java:78)
[mdm.runTransform] 	at org.eclipse.core.runtime.SafeRunner.run(SafeRunner.java:42)
[mdm.runTransform] 	at org.eclipse.core.runtime.Platform.run(Platform.java:867)
[mdm.runTransform] 	at org.eclipse.jet.internal.runtime.SafeEmptyRuntimeTag.doStart(SafeEmptyRuntimeTag.java:43)
[mdm.runTransform] 	at org.eclipse.jet.compiled._jet_main.generate(_jet_main.java:80)
[mdm.runTransform] 	at org.eclipse.jet.transform.TransformContextExtender.doExecute(TransformContextExtender.java:236)
[mdm.runTransform] 	at org.eclipse.jet.transform.TransformContextExtender.executeWithMonitor(TransformContextExtender.java:147)
[mdm.runTransform] 	at org.eclipse.jet.transform.TransformContextExtender.execute(TransformContextExtender.java:206)
[mdm.runTransform] 	at org.eclipse.jet.transform.TransformContextExtender.execute(TransformContextExtender.java:124)
[mdm.runTransform] 	at org.eclipse.jet.JET2Platform$5.run(JET2Platform.java:450)
[mdm.runTransform] 	at org.eclipse.jet.internal.runtime.JETBundleManager.run(JETBundleManager.java:340)
[mdm.runTransform] 	at org.eclipse.jet.JET2Platform.runTransform(JET2Platform.java:419)
[mdm.runTransform] 	at org.eclipse.jet.JET2Platform.runTransformOnObject(JET2Platform.java:518)
[mdm.runTransform] 	at com.ibm.mdm.tools.models.core.codegen.ant.RunTransformImpl.execute(RunTransformImpl.java:105)
[mdm.runTransform] 	at com.ibm.mdm.tools.models.core.codegen.ant.RunTransform.execute(RunTransform.java:103)
[mdm.runTransform] 	at org.apache.tools.ant.UnknownElement.execute(UnknownElement.java:292)
[mdm.runTransform] 	at sun.reflect.GeneratedMethodAccessor50.invoke(Unknown Source)
[mdm.runTransform] 	at sun.reflect.DelegatingMethodAccessorImpl.invoke(DelegatingMethodAccessorImpl.java:55)
[mdm.runTransform] 	at java.lang.reflect.Method.invoke(Method.java:507)
[mdm.runTransform] 	at org.apache.tools.ant.dispatch.DispatchUtils.execute(DispatchUtils.java:106)
[mdm.runTransform] 	at org.apache.tools.ant.Task.perform(Task.java:348)
[mdm.runTransform] 	at org.apache.tools.ant.Target.execute(Target.java:435)
[mdm.runTransform] 	at org.apache.tools.ant.Target.performTasks(Target.java:456)
[mdm.runTransform] 	at org.apache.tools.ant.Project.executeSortedTargets(Project.java:1393)
[mdm.runTransform] 	at org.apache.tools.ant.Project.executeTarget(Project.java:1364)
[mdm.runTransform] 	at org.apache.tools.ant.helper.DefaultExecutor.executeTargets(DefaultExecutor.java:41)
[mdm.runTransform] 	at org.eclipse.ant.internal.core.ant.EclipseDefaultExecutor.executeTargets(EclipseDefaultExecutor.java:36)
[mdm.runTransform] 	at org.apache.tools.ant.Project.executeTargets(Project.java:1248)
[mdm.runTransform] 	at org.eclipse.ant.internal.core.ant.InternalAntRunner.run(InternalAntRunner.java:703)
[mdm.runTransform] 	at org.eclipse.ant.internal.core.ant.InternalAntRunner.run(InternalAntRunner.java:525)
[mdm.runTransform] 	at sun.reflect.NativeMethodAccessorImpl.invoke0(Native Method)
[mdm.runTransform] 	at sun.reflect.NativeMethodAccessorImpl.invoke(NativeMethodAccessorImpl.java:95)
[mdm.runTransform] 	at sun.reflect.DelegatingMethodAccessorImpl.invoke(DelegatingMethodAccessorImpl.java:55)
[mdm.runTransform] 	at java.lang.reflect.Method.invoke(Method.java:507)
[mdm.runTransform] 	at org.eclipse.ant.core.AntRunner.run(AntRunner.java:371)
[mdm.runTransform] 	at com.ibm.mdm.tools.models.core.codegen.RunBuildScriptJob.runInWorkspace(RunBuildScriptJob.java:146)
[mdm.runTransform] 	at org.eclipse.core.internal.resources.InternalWorkspaceJob.run(InternalWorkspaceJob.java:38)
[mdm.runTransform] 	at org.eclipse.core.internal.jobs.Worker.run(Worker.java:54)
[mdm.runTransform] Caused by: java.lang.ClassNotFoundException: com.dwl.base.accessdatevalue.component.DWLAccessDateValueBObj
[mdm.runTransform] 	at java.net.URLClassLoader.findClass(URLClassLoader.java:607)
[mdm.runTransform] 	at java.lang.ClassLoader.loadClassHelper(ClassLoader.java:797)
[mdm.runTransform] 	at java.lang.ClassLoader.loadClass(ClassLoader.java:771)
[mdm.runTransform] 	at java.lang.ClassLoader.loadClass(ClassLoader.java:752)
[mdm.runTransform] 	... 69 more
[mdm.runTransform] java.lang.NoClassDefFoundError: com.dwl.base.accessdatevalue.component.DWLAccessDateValueBObj
[mdm.runTransform] 	at java.lang.Class.getDeclaredMethodsImpl(Native Method)
[mdm.runTransform] 	at java.lang.Class.getDeclaredMethods(Class.java:1009)
[mdm.runTransform] 	at com.ibm.mdm.tools.models.jet.utils.ExtensionHelper.getEObjMethodName(ExtensionHelper.java:113)
[mdm.runTransform] 	at com.ibm.mdm.tools.models.jet.utils.ExtensionHelper.getEObjMethodName(ExtensionHelper.java:144)
[mdm.runTransform] 	at com.ibm.mdm.tools.models.core.template.component.XBNBObjJavaTemplate.generate(XBNBObjJavaTemplate.java:780)
[mdm.runTransform] 	at org.eclipse.jet.transform.TransformContextExtender.doExecute(TransformContextExtender.java:236)
[mdm.runTransform] 	at org.eclipse.jet.transform.TransformContextExtender.executeWithMonitor(TransformContextExtender.java:147)
[mdm.runTransform] 	at org.eclipse.jet.transform.TransformContextExtender.execute(TransformContextExtender.java:206)
[mdm.runTransform] 	at org.eclipse.jet.transform.TransformContextExtender.execute(TransformContextExtender.java:124)
[mdm.runTransform] 	at org.eclipse.jet.internal.taglib.java.AbstractJavaFileTag.doAction(AbstractJavaFileTag.java:95)
[mdm.runTransform] 	at org.eclipse.jet.internal.runtime.SafeEmptyRuntimeTag$1.doRun(SafeEmptyRuntimeTag.java:49)
[mdm.runTransform] 	at org.eclipse.jet.internal.runtime.SafeCustomRuntimeTag$TagSafeRunnable.run(SafeCustomRuntimeTag.java:78)
[mdm.runTransform] 	at org.eclipse.core.runtime.SafeRunner.run(SafeRunner.java:42)
[mdm.runTransform] 	at org.eclipse.core.runtime.Platform.run(Platform.java:867)
[mdm.runTransform] 	at org.eclipse.jet.internal.runtime.SafeEmptyRuntimeTag.doStart(SafeEmptyRuntimeTag.java:43)
[mdm.runTransform] 	at org.eclipse.jet.compiled._jet_implejbmain.generate(_jet_implejbmain.java:365)
[mdm.runTransform] 	at org.eclipse.jet.transform.TransformContextExtender.doExecute(TransformContextExtender.java:236)
[mdm.runTransform] 	at org.eclipse.jet.transform.TransformContextExtender.executeWithMonitor(TransformContextExtender.java:147)
[mdm.runTransform] 	at org.eclipse.jet.transform.TransformContextExtender.execute(TransformContextExtender.java:206)
[mdm.runTransform] 	at org.eclipse.jet.internal.taglib.control.IncludeTag.doAction(IncludeTag.java:79)
[mdm.runTransform] 	at org.eclipse.jet.internal.runtime.SafeEmptyRuntimeTag$1.doRun(SafeEmptyRuntimeTag.java:49)
[mdm.runTransform] 	at org.eclipse.jet.internal.runtime.SafeCustomRuntimeTag$TagSafeRunnable.run(SafeCustomRuntimeTag.java:78)
[mdm.runTransform] 	at org.eclipse.core.runtime.SafeRunner.run(SafeRunner.java:42)
[mdm.runTransform] 	at org.eclipse.core.runtime.Platform.run(Platform.java:867)
[mdm.runTransform] 	at org.eclipse.jet.internal.runtime.SafeEmptyRuntimeTag.doStart(SafeEmptyRuntimeTag.java:43)
[mdm.runTransform] 	at org.eclipse.jet.compiled._jet_main.generate(_jet_main.java:80)
[mdm.runTransform] 	at org.eclipse.jet.transform.TransformContextExtender.doExecute(TransformContextExtender.java:236)
[mdm.runTransform] 	at org.eclipse.jet.transform.TransformContextExtender.executeWithMonitor(TransformContextExtender.java:147)
[mdm.runTransform] 	at org.eclipse.jet.transform.TransformContextExtender.execute(TransformContextExtender.java:206)
[mdm.runTransform] 	at org.eclipse.jet.transform.TransformContextExtender.execute(TransformContextExtender.java:124)
[mdm.runTransform] 	at org.eclipse.jet.JET2Platform$5.run(JET2Platform.java:450)
[mdm.runTransform] 	at org.eclipse.jet.internal.runtime.JETBundleManager.run(JETBundleManager.java:340)
[mdm.runTransform] 	at org.eclipse.jet.JET2Platform.runTransform(JET2Platform.java:419)
[mdm.runTransform] 	at org.eclipse.jet.JET2Platform.runTransformOnObject(JET2Platform.java:518)
[mdm.runTransform] 	at com.ibm.mdm.tools.models.core.codegen.ant.RunTransformImpl.execute(RunTransformImpl.java:105)
[mdm.runTransform] 	at com.ibm.mdm.tools.models.core.codegen.ant.RunTransform.execute(RunTransform.java:103)
[mdm.runTransform] 	at org.apache.tools.ant.UnknownElement.execute(UnknownElement.java:292)
[mdm.runTransform] 	at sun.reflect.GeneratedMethodAccessor50.invoke(Unknown Source)
[mdm.runTransform] 	at sun.reflect.DelegatingMethodAccessorImpl.invoke(DelegatingMethodAccessorImpl.java:55)
[mdm.runTransform] 	at java.lang.reflect.Method.invoke(Method.java:507)
[mdm.runTransform] 	at org.apache.tools.ant.dispatch.DispatchUtils.execute(DispatchUtils.java:106)
[mdm.runTransform] 	at org.apache.tools.ant.Task.perform(Task.java:348)
[mdm.runTransform] 	at org.apache.tools.ant.Target.execute(Target.java:435)
[mdm.runTransform] 	at org.apache.tools.ant.Target.performTasks(Target.java:456)
[mdm.runTransform] 	at org.apache.tools.ant.Project.executeSortedTargets(Project.java:1393)
[mdm.runTransform] 	at org.apache.tools.ant.Project.executeTarget(Project.java:1364)
[mdm.runTransform] 	at org.apache.tools.ant.helper.DefaultExecutor.executeTargets(DefaultExecutor.java:41)
[mdm.runTransform] 	at org.eclipse.ant.internal.core.ant.EclipseDefaultExecutor.executeTargets(EclipseDefaultExecutor.java:36)
[mdm.runTransform] 	at org.apache.tools.ant.Project.executeTargets(Project.java:1248)
[mdm.runTransform] 	at org.eclipse.ant.internal.core.ant.InternalAntRunner.run(InternalAntRunner.java:703)
[mdm.runTransform] 	at org.eclipse.ant.internal.core.ant.InternalAntRunner.run(InternalAntRunner.java:525)
[mdm.runTransform] 	at sun.reflect.NativeMethodAccessorImpl.invoke0(Native Method)
[mdm.runTransform] 	at sun.reflect.NativeMethodAccessorImpl.invoke(NativeMethodAccessorImpl.java:95)
[mdm.runTransform] 	at sun.reflect.DelegatingMethodAccessorImpl.invoke(DelegatingMethodAccessorImpl.java:55)
[mdm.runTransform] 	at java.lang.reflect.Method.invoke(Method.java:507)
[mdm.runTransform] 	at org.eclipse.ant.core.AntRunner.run(AntRunner.java:371)
[mdm.runTransform] 	at com.ibm.mdm.tools.models.core.codegen.RunBuildScriptJob.runInWorkspace(RunBuildScriptJob.java:146)
[mdm.runTransform] 	at org.eclipse.core.internal.resources.InternalWorkspaceJob.run(InternalWorkspaceJob.java:38)
[mdm.runTransform] 	at org.eclipse.core.internal.jobs.Worker.run(Worker.java:54)
[mdm.runTransform] Caused by: java.lang.ClassNotFoundException: com.dwl.base.accessdatevalue.component.DWLAccessDateValueBObj
[mdm.runTransform] 	at java.net.URLClassLoader.findClass(URLClassLoader.java:607)
[mdm.runTransform] 	at java.lang.ClassLoader.loadClassHelper(ClassLoader.java:797)
[mdm.runTransform] 	at java.lang.ClassLoader.loadClass(ClassLoader.java:771)
[mdm.runTransform] 	at java.lang.ClassLoader.loadClass(ClassLoader.java:752)
[mdm.runTransform] 	... 59 more
[mdm.runTransform] java.lang.NoClassDefFoundError: com.dwl.base.accessdatevalue.component.DWLAccessDateValueBObj
[mdm.runTransform] 	at java.lang.Class.getDeclaredMethodsImpl(Native Method)
[mdm.runTransform] 	at java.lang.Class.getDeclaredMethods(Class.java:1009)
[mdm.runTransform] 	at com.ibm.mdm.tools.models.jet.utils.ExtensionHelper.getEObjMethodName(ExtensionHelper.java:113)
[mdm.runTransform] 	at com.ibm.mdm.tools.models.jet.utils.ExtensionHelper.getEObjMethodName(ExtensionHelper.java:144)
[mdm.runTransform] 	at com.ibm.mdm.tools.models.core.template.component.XBNBObjJavaTemplate.generate(XBNBObjJavaTemplate.java:1142)
[mdm.runTransform] 	at org.eclipse.jet.transform.TransformContextExtender.doExecute(TransformContextExtender.java:236)
[mdm.runTransform] 	at org.eclipse.jet.transform.TransformContextExtender.executeWithMonitor(TransformContextExtender.java:147)
[mdm.runTransform] 	at org.eclipse.jet.transform.TransformContextExtender.execute(TransformContextExtender.java:206)
[mdm.runTransform] 	at org.eclipse.jet.transform.TransformContextExtender.execute(TransformContextExtender.java:124)
[mdm.runTransform] 	at org.eclipse.jet.internal.taglib.java.AbstractJavaFileTag.doAction(AbstractJavaFileTag.java:95)
[mdm.runTransform] 	at org.eclipse.jet.internal.runtime.SafeEmptyRuntimeTag$1.doRun(SafeEmptyRuntimeTag.java:49)
[mdm.runTransform] 	at org.eclipse.jet.internal.runtime.SafeCustomRuntimeTag$TagSafeRunnable.run(SafeCustomRuntimeTag.java:78)
[mdm.runTransform] 	at org.eclipse.core.runtime.SafeRunner.run(SafeRunner.java:42)
[mdm.runTransform] 	at org.eclipse.core.runtime.Platform.run(Platform.java:867)
[mdm.runTransform] 	at org.eclipse.jet.internal.runtime.SafeEmptyRuntimeTag.doStart(SafeEmptyRuntimeTag.java:43)
[mdm.runTransform] 	at org.eclipse.jet.compiled._jet_implejbmain.generate(_jet_implejbmain.java:365)
[mdm.runTransform] 	at org.eclipse.jet.transform.TransformContextExtender.doExecute(TransformContextExtender.java:236)
[mdm.runTransform] 	at org.eclipse.jet.transform.TransformContextExtender.executeWithMonitor(TransformContextExtender.java:147)
[mdm.runTransform] 	at org.eclipse.jet.transform.TransformContextExtender.execute(TransformContextExtender.java:206)
[mdm.runTransform] 	at org.eclipse.jet.internal.taglib.control.IncludeTag.doAction(IncludeTag.java:79)
[mdm.runTransform] 	at org.eclipse.jet.internal.runtime.SafeEmptyRuntimeTag$1.doRun(SafeEmptyRuntimeTag.java:49)
[mdm.runTransform] 	at org.eclipse.jet.internal.runtime.SafeCustomRuntimeTag$TagSafeRunnable.run(SafeCustomRuntimeTag.java:78)
[mdm.runTransform] 	at org.eclipse.core.runtime.SafeRunner.run(SafeRunner.java:42)
[mdm.runTransform] 	at org.eclipse.core.runtime.Platform.run(Platform.java:867)
[mdm.runTransform] 	at org.eclipse.jet.internal.runtime.SafeEmptyRuntimeTag.doStart(SafeEmptyRuntimeTag.java:43)
[mdm.runTransform] 	at org.eclipse.jet.compiled._jet_main.generate(_jet_main.java:80)
[mdm.runTransform] 	at org.eclipse.jet.transform.TransformContextExtender.doExecute(TransformContextExtender.java:236)
[mdm.runTransform] 	at org.eclipse.jet.transform.TransformContextExtender.executeWithMonitor(TransformContextExtender.java:147)
[mdm.runTransform] 	at org.eclipse.jet.transform.TransformContextExtender.execute(TransformContextExtender.java:206)
[mdm.runTransform] 	at org.eclipse.jet.transform.TransformContextExtender.execute(TransformContextExtender.java:124)
[mdm.runTransform] 	at org.eclipse.jet.JET2Platform$5.run(JET2Platform.java:450)
[mdm.runTransform] 	at org.eclipse.jet.internal.runtime.JETBundleManager.run(JETBundleManager.java:340)
[mdm.runTransform] 	at org.eclipse.jet.JET2Platform.runTransform(JET2Platform.java:419)
[mdm.runTransform] 	at org.eclipse.jet.JET2Platform.runTransformOnObject(JET2Platform.java:518)
[mdm.runTransform] 	at com.ibm.mdm.tools.models.core.codegen.ant.RunTransformImpl.execute(RunTransformImpl.java:105)
[mdm.runTransform] 	at com.ibm.mdm.tools.models.core.codegen.ant.RunTransform.execute(RunTransform.java:103)
[mdm.runTransform] 	at org.apache.tools.ant.UnknownElement.execute(UnknownElement.java:292)
[mdm.runTransform] 	at sun.reflect.GeneratedMethodAccessor50.invoke(Unknown Source)
[mdm.runTransform] 	at sun.reflect.DelegatingMethodAccessorImpl.invoke(DelegatingMethodAccessorImpl.java:55)
[mdm.runTransform] 	at java.lang.reflect.Method.invoke(Method.java:507)
[mdm.runTransform] 	at org.apache.tools.ant.dispatch.DispatchUtils.execute(DispatchUtils.java:106)
[mdm.runTransform] 	at org.apache.tools.ant.Task.perform(Task.java:348)
[mdm.runTransform] 	at org.apache.tools.ant.Target.execute(Target.java:435)
[mdm.runTransform] 	at org.apache.tools.ant.Target.performTasks(Target.java:456)
[mdm.runTransform] 	at org.apache.tools.ant.Project.executeSortedTargets(Project.java:1393)
[mdm.runTransform] 	at org.apache.tools.ant.Project.executeTarget(Project.java:1364)
[mdm.runTransform] 	at org.apache.tools.ant.helper.DefaultExecutor.executeTargets(DefaultExecutor.java:41)
[mdm.runTransform] 	at org.eclipse.ant.internal.core.ant.EclipseDefaultExecutor.executeTargets(EclipseDefaultExecutor.java:36)
[mdm.runTransform] 	at org.apache.tools.ant.Project.executeTargets(Project.java:1248)
[mdm.runTransform] 	at org.eclipse.ant.internal.core.ant.InternalAntRunner.run(InternalAntRunner.java:703)
[mdm.runTransform] 	at org.eclipse.ant.internal.core.ant.InternalAntRunner.run(InternalAntRunner.java:525)
[mdm.runTransform] 	at sun.reflect.NativeMethodAccessorImpl.invoke0(Native Method)
[mdm.runTransform] 	at sun.reflect.NativeMethodAccessorImpl.invoke(NativeMethodAccessorImpl.java:95)
[mdm.runTransform] 	at sun.reflect.DelegatingMethodAccessorImpl.invoke(DelegatingMethodAccessorImpl.java:55)
[mdm.runTransform] 	at java.lang.reflect.Method.invoke(Method.java:507)
[mdm.runTransform] 	at org.eclipse.ant.core.AntRunner.run(AntRunner.java:371)
[mdm.runTransform] 	at com.ibm.mdm.tools.models.core.codegen.RunBuildScriptJob.runInWorkspace(RunBuildScriptJob.java:146)
[mdm.runTransform] 	at org.eclipse.core.internal.resources.InternalWorkspaceJob.run(InternalWorkspaceJob.java:38)
[mdm.runTransform] 	at org.eclipse.core.internal.jobs.Worker.run(Worker.java:54)
[mdm.runTransform] Caused by: java.lang.ClassNotFoundException: com.dwl.base.accessdatevalue.component.DWLAccessDateValueBObj
[mdm.runTransform] 	at java.net.URLClassLoader.findClass(URLClassLoader.java:607)
[mdm.runTransform] 	at java.lang.ClassLoader.loadClassHelper(ClassLoader.java:797)
[mdm.runTransform] 	at java.lang.ClassLoader.loadClass(ClassLoader.java:771)
[mdm.runTransform] 	at java.lang.ClassLoader.loadClass(ClassLoader.java:752)
[mdm.runTransform] 	... 59 more
[mdm.runTransform] java.lang.NoClassDefFoundError: com.dwl.base.accessdatevalue.component.DWLAccessDateValueBObj
[mdm.runTransform] 	at java.lang.Class.getDeclaredMethodsImpl(Native Method)
[mdm.runTransform] 	at java.lang.Class.getDeclaredMethods(Class.java:1009)
[mdm.runTransform] 	at com.ibm.mdm.tools.models.jet.utils.ExtensionHelper.getEObjMethodName(ExtensionHelper.java:113)
[mdm.runTransform] 	at com.ibm.mdm.tools.models.jet.utils.ExtensionHelper.getEObjMethodName(ExtensionHelper.java:144)
[mdm.runTransform] 	at com.ibm.mdm.tools.models.core.template.component.XBNBObjExtensionTemplate.generate(XBNBObjExtensionTemplate.java:503)
[mdm.runTransform] 	at org.eclipse.jet.transform.TransformContextExtender.doExecute(TransformContextExtender.java:236)
[mdm.runTransform] 	at org.eclipse.jet.transform.TransformContextExtender.executeWithMonitor(TransformContextExtender.java:147)
[mdm.runTransform] 	at org.eclipse.jet.transform.TransformContextExtender.execute(TransformContextExtender.java:206)
[mdm.runTransform] 	at org.eclipse.jet.internal.taglib.control.IncludeTag.doAction(IncludeTag.java:79)
[mdm.runTransform] 	at org.eclipse.jet.internal.runtime.SafeEmptyRuntimeTag$1.doRun(SafeEmptyRuntimeTag.java:49)
[mdm.runTransform] 	at org.eclipse.jet.internal.runtime.SafeCustomRuntimeTag$TagSafeRunnable.run(SafeCustomRuntimeTag.java:78)
[mdm.runTransform] 	at org.eclipse.core.runtime.SafeRunner.run(SafeRunner.java:42)
[mdm.runTransform] 	at org.eclipse.core.runtime.Platform.run(Platform.java:867)
[mdm.runTransform] 	at org.eclipse.jet.internal.runtime.SafeEmptyRuntimeTag.doStart(SafeEmptyRuntimeTag.java:43)
[mdm.runTransform] 	at com.ibm.mdm.tools.models.core.template.component.XBNBObjJavaTemplate.generate(XBNBObjJavaTemplate.java:3859)
[mdm.runTransform] 	at org.eclipse.jet.transform.TransformContextExtender.doExecute(TransformContextExtender.java:236)
[mdm.runTransform] 	at org.eclipse.jet.transform.TransformContextExtender.executeWithMonitor(TransformContextExtender.java:147)
[mdm.runTransform] 	at org.eclipse.jet.transform.TransformContextExtender.execute(TransformContextExtender.java:206)
[mdm.runTransform] 	at org.eclipse.jet.transform.TransformContextExtender.execute(TransformContextExtender.java:124)
[mdm.runTransform] 	at org.eclipse.jet.internal.taglib.java.AbstractJavaFileTag.doAction(AbstractJavaFileTag.java:95)
[mdm.runTransform] 	at org.eclipse.jet.internal.runtime.SafeEmptyRuntimeTag$1.doRun(SafeEmptyRuntimeTag.java:49)
[mdm.runTransform] 	at org.eclipse.jet.internal.runtime.SafeCustomRuntimeTag$TagSafeRunnable.run(SafeCustomRuntimeTag.java:78)
[mdm.runTransform] 	at org.eclipse.core.runtime.SafeRunner.run(SafeRunner.java:42)
[mdm.runTransform] 	at org.eclipse.core.runtime.Platform.run(Platform.java:867)
[mdm.runTransform] 	at org.eclipse.jet.internal.runtime.SafeEmptyRuntimeTag.doStart(SafeEmptyRuntimeTag.java:43)
[mdm.runTransform] 	at org.eclipse.jet.compiled._jet_implejbmain.generate(_jet_implejbmain.java:365)
[mdm.runTransform] 	at org.eclipse.jet.transform.TransformContextExtender.doExecute(TransformContextExtender.java:236)
[mdm.runTransform] 	at org.eclipse.jet.transform.TransformContextExtender.executeWithMonitor(TransformContextExtender.java:147)
[mdm.runTransform] 	at org.eclipse.jet.transform.TransformContextExtender.execute(TransformContextExtender.java:206)
[mdm.runTransform] 	at org.eclipse.jet.internal.taglib.control.IncludeTag.doAction(IncludeTag.java:79)
[mdm.runTransform] 	at org.eclipse.jet.internal.runtime.SafeEmptyRuntimeTag$1.doRun(SafeEmptyRuntimeTag.java:49)
[mdm.runTransform] 	at org.eclipse.jet.internal.runtime.SafeCustomRuntimeTag$TagSafeRunnable.run(SafeCustomRuntimeTag.java:78)
[mdm.runTransform] 	at org.eclipse.core.runtime.SafeRunner.run(SafeRunner.java:42)
[mdm.runTransform] 	at org.eclipse.core.runtime.Platform.run(Platform.java:867)
[mdm.runTransform] 	at org.eclipse.jet.internal.runtime.SafeEmptyRuntimeTag.doStart(SafeEmptyRuntimeTag.java:43)
[mdm.runTransform] 	at org.eclipse.jet.compiled._jet_main.generate(_jet_main.java:80)
[mdm.runTransform] 	at org.eclipse.jet.transform.TransformContextExtender.doExecute(TransformContextExtender.java:236)
[mdm.runTransform] 	at org.eclipse.jet.transform.TransformContextExtender.executeWithMonitor(TransformContextExtender.java:147)
[mdm.runTransform] 	at org.eclipse.jet.transform.TransformContextExtender.execute(TransformContextExtender.java:206)
[mdm.runTransform] 	at org.eclipse.jet.transform.TransformContextExtender.execute(TransformContextExtender.java:124)
[mdm.runTransform] 	at org.eclipse.jet.JET2Platform$5.run(JET2Platform.java:450)
[mdm.runTransform] 	at org.eclipse.jet.internal.runtime.JETBundleManager.run(JETBundleManager.java:340)
[mdm.runTransform] 	at org.eclipse.jet.JET2Platform.runTransform(JET2Platform.java:419)
[mdm.runTransform] 	at org.eclipse.jet.JET2Platform.runTransformOnObject(JET2Platform.java:518)
[mdm.runTransform] 	at com.ibm.mdm.tools.models.core.codegen.ant.RunTransformImpl.execute(RunTransformImpl.java:105)
[mdm.runTransform] 	at com.ibm.mdm.tools.models.core.codegen.ant.RunTransform.execute(RunTransform.java:103)
[mdm.runTransform] 	at org.apache.tools.ant.UnknownElement.execute(UnknownElement.java:292)
[mdm.runTransform] 	at sun.reflect.GeneratedMethodAccessor50.invoke(Unknown Source)
[mdm.runTransform] 	at sun.reflect.DelegatingMethodAccessorImpl.invoke(DelegatingMethodAccessorImpl.java:55)
[mdm.runTransform] 	at java.lang.reflect.Method.invoke(Method.java:507)
[mdm.runTransform] 	at org.apache.tools.ant.dispatch.DispatchUtils.execute(DispatchUtils.java:106)
[mdm.runTransform] 	at org.apache.tools.ant.Task.perform(Task.java:348)
[mdm.runTransform] 	at org.apache.tools.ant.Target.execute(Target.java:435)
[mdm.runTransform] 	at org.apache.tools.ant.Target.performTasks(Target.java:456)
[mdm.runTransform] 	at org.apache.tools.ant.Project.executeSortedTargets(Project.java:1393)
[mdm.runTransform] 	at org.apache.tools.ant.Project.executeTarget(Project.java:1364)
[mdm.runTransform] 	at org.apache.tools.ant.helper.DefaultExecutor.executeTargets(DefaultExecutor.java:41)
[mdm.runTransform] 	at org.eclipse.ant.internal.core.ant.EclipseDefaultExecutor.executeTargets(EclipseDefaultExecutor.java:36)
[mdm.runTransform] 	at org.apache.tools.ant.Project.executeTargets(Project.java:1248)
[mdm.runTransform] 	at org.eclipse.ant.internal.core.ant.InternalAntRunner.run(InternalAntRunner.java:703)
[mdm.runTransform] 	at org.eclipse.ant.internal.core.ant.InternalAntRunner.run(InternalAntRunner.java:525)
[mdm.runTransform] 	at sun.reflect.NativeMethodAccessorImpl.invoke0(Native Method)
[mdm.runTransform] 	at sun.reflect.NativeMethodAccessorImpl.invoke(NativeMethodAccessorImpl.java:95)
[mdm.runTransform] 	at sun.reflect.DelegatingMethodAccessorImpl.invoke(DelegatingMethodAccessorImpl.java:55)
[mdm.runTransform] 	at java.lang.reflect.Method.invoke(Method.java:507)
[mdm.runTransform] 	at org.eclipse.ant.core.AntRunner.run(AntRunner.java:371)
[mdm.runTransform] 	at com.ibm.mdm.tools.models.core.codegen.RunBuildScriptJob.runInWorkspace(RunBuildScriptJob.java:146)
[mdm.runTransform] 	at org.eclipse.core.internal.resources.InternalWorkspaceJob.run(InternalWorkspaceJob.java:38)
[mdm.runTransform] 	at org.eclipse.core.internal.jobs.Worker.run(Worker.java:54)
[mdm.runTransform] Caused by: java.lang.ClassNotFoundException: com.dwl.base.accessdatevalue.component.DWLAccessDateValueBObj
[mdm.runTransform] 	at java.net.URLClassLoader.findClass(URLClassLoader.java:607)
[mdm.runTransform] 	at java.lang.ClassLoader.loadClassHelper(ClassLoader.java:797)
[mdm.runTransform] 	at java.lang.ClassLoader.loadClass(ClassLoader.java:771)
[mdm.runTransform] 	at java.lang.ClassLoader.loadClass(ClassLoader.java:752)
[mdm.runTransform] 	... 69 more
[mdm.runTransform] java.lang.NoClassDefFoundError: com.dwl.base.accessdatevalue.component.DWLAccessDateValueBObj
[mdm.runTransform] 	at java.lang.Class.getDeclaredMethodsImpl(Native Method)
[mdm.runTransform] 	at java.lang.Class.getDeclaredMethods(Class.java:1009)
[mdm.runTransform] 	at com.ibm.mdm.tools.models.jet.utils.ExtensionHelper.getEObjMethodName(ExtensionHelper.java:113)
[mdm.runTransform] 	at com.ibm.mdm.tools.models.jet.utils.ExtensionHelper.getEObjMethodName(ExtensionHelper.java:144)
[mdm.runTransform] 	at com.ibm.mdm.tools.models.core.template.query.QXEntityBObjQueryJavaTemplate.generate(QXEntityBObjQueryJavaTemplate.java:690)
[mdm.runTransform] 	at org.eclipse.jet.transform.TransformContextExtender.doExecute(TransformContextExtender.java:236)
[mdm.runTransform] 	at org.eclipse.jet.transform.TransformContextExtender.executeWithMonitor(TransformContextExtender.java:147)
[mdm.runTransform] 	at org.eclipse.jet.transform.TransformContextExtender.execute(TransformContextExtender.java:206)
[mdm.runTransform] 	at org.eclipse.jet.transform.TransformContextExtender.execute(TransformContextExtender.java:124)
[mdm.runTransform] 	at org.eclipse.jet.internal.taglib.java.AbstractJavaFileTag.doAction(AbstractJavaFileTag.java:95)
[mdm.runTransform] 	at org.eclipse.jet.internal.runtime.SafeEmptyRuntimeTag$1.doRun(SafeEmptyRuntimeTag.java:49)
[mdm.runTransform] 	at org.eclipse.jet.internal.runtime.SafeCustomRuntimeTag$TagSafeRunnable.run(SafeCustomRuntimeTag.java:78)
[mdm.runTransform] 	at org.eclipse.core.runtime.SafeRunner.run(SafeRunner.java:42)
[mdm.runTransform] 	at org.eclipse.core.runtime.Platform.run(Platform.java:867)
[mdm.runTransform] 	at org.eclipse.jet.internal.runtime.SafeEmptyRuntimeTag.doStart(SafeEmptyRuntimeTag.java:43)
[mdm.runTransform] 	at org.eclipse.jet.compiled._jet_implejbmain.generate(_jet_implejbmain.java:465)
[mdm.runTransform] 	at org.eclipse.jet.transform.TransformContextExtender.doExecute(TransformContextExtender.java:236)
[mdm.runTransform] 	at org.eclipse.jet.transform.TransformContextExtender.executeWithMonitor(TransformContextExtender.java:147)
[mdm.runTransform] 	at org.eclipse.jet.transform.TransformContextExtender.execute(TransformContextExtender.java:206)
[mdm.runTransform] 	at org.eclipse.jet.internal.taglib.control.IncludeTag.doAction(IncludeTag.java:79)
[mdm.runTransform] 	at org.eclipse.jet.internal.runtime.SafeEmptyRuntimeTag$1.doRun(SafeEmptyRuntimeTag.java:49)
[mdm.runTransform] 	at org.eclipse.jet.internal.runtime.SafeCustomRuntimeTag$TagSafeRunnable.run(SafeCustomRuntimeTag.java:78)
[mdm.runTransform] 	at org.eclipse.core.runtime.SafeRunner.run(SafeRunner.java:42)
[mdm.runTransform] 	at org.eclipse.core.runtime.Platform.run(Platform.java:867)
[mdm.runTransform] 	at org.eclipse.jet.internal.runtime.SafeEmptyRuntimeTag.doStart(SafeEmptyRuntimeTag.java:43)
[mdm.runTransform] 	at org.eclipse.jet.compiled._jet_main.generate(_jet_main.java:80)
[mdm.runTransform] 	at org.eclipse.jet.transform.TransformContextExtender.doExecute(TransformContextExtender.java:236)
[mdm.runTransform] 	at org.eclipse.jet.transform.TransformContextExtender.executeWithMonitor(TransformContextExtender.java:147)
[mdm.runTransform] 	at org.eclipse.jet.transform.TransformContextExtender.execute(TransformContextExtender.java:206)
[mdm.runTransform] 	at org.eclipse.jet.transform.TransformContextExtender.execute(TransformContextExtender.java:124)
[mdm.runTransform] 	at org.eclipse.jet.JET2Platform$5.run(JET2Platform.java:450)
[mdm.runTransform] 	at org.eclipse.jet.internal.runtime.JETBundleManager.run(JETBundleManager.java:340)
[mdm.runTransform] 	at org.eclipse.jet.JET2Platform.runTransform(JET2Platform.java:419)
[mdm.runTransform] 	at org.eclipse.jet.JET2Platform.runTransformOnObject(JET2Platform.java:518)
[mdm.runTransform] 	at com.ibm.mdm.tools.models.core.codegen.ant.RunTransformImpl.execute(RunTransformImpl.java:105)
[mdm.runTransform] 	at com.ibm.mdm.tools.models.core.codegen.ant.RunTransform.execute(RunTransform.java:103)
[mdm.runTransform] 	at org.apache.tools.ant.UnknownElement.execute(UnknownElement.java:292)
[mdm.runTransform] 	at sun.reflect.GeneratedMethodAccessor50.invoke(Unknown Source)
[mdm.runTransform] 	at sun.reflect.DelegatingMethodAccessorImpl.invoke(DelegatingMethodAccessorImpl.java:55)
[mdm.runTransform] 	at java.lang.reflect.Method.invoke(Method.java:507)
[mdm.runTransform] 	at org.apache.tools.ant.dispatch.DispatchUtils.execute(DispatchUtils.java:106)
[mdm.runTransform] 	at org.apache.tools.ant.Task.perform(Task.java:348)
[mdm.runTransform] 	at org.apache.tools.ant.Target.execute(Target.java:435)
[mdm.runTransform] 	at org.apache.tools.ant.Target.performTasks(Target.java:456)
[mdm.runTransform] 	at org.apache.tools.ant.Project.executeSortedTargets(Project.java:1393)
[mdm.runTransform] 	at org.apache.tools.ant.Project.executeTarget(Project.java:1364)
[mdm.runTransform] 	at org.apache.tools.ant.helper.DefaultExecutor.executeTargets(DefaultExecutor.java:41)
[mdm.runTransform] 	at org.eclipse.ant.internal.core.ant.EclipseDefaultExecutor.executeTargets(EclipseDefaultExecutor.java:36)
[mdm.runTransform] 	at org.apache.tools.ant.Project.executeTargets(Project.java:1248)
[mdm.runTransform] 	at org.eclipse.ant.internal.core.ant.InternalAntRunner.run(InternalAntRunner.java:703)
[mdm.runTransform] 	at org.eclipse.ant.internal.core.ant.InternalAntRunner.run(InternalAntRunner.java:525)
[mdm.runTransform] 	at sun.reflect.NativeMethodAccessorImpl.invoke0(Native Method)
[mdm.runTransform] 	at sun.reflect.NativeMethodAccessorImpl.invoke(NativeMethodAccessorImpl.java:95)
[mdm.runTransform] 	at sun.reflect.DelegatingMethodAccessorImpl.invoke(DelegatingMethodAccessorImpl.java:55)
[mdm.runTransform] 	at java.lang.reflect.Method.invoke(Method.java:507)
[mdm.runTransform] 	at org.eclipse.ant.core.AntRunner.run(AntRunner.java:371)
[mdm.runTransform] 	at com.ibm.mdm.tools.models.core.codegen.RunBuildScriptJob.runInWorkspace(RunBuildScriptJob.java:146)
[mdm.runTransform] 	at org.eclipse.core.internal.resources.InternalWorkspaceJob.run(InternalWorkspaceJob.java:38)
[mdm.runTransform] 	at org.eclipse.core.internal.jobs.Worker.run(Worker.java:54)
[mdm.runTransform] Caused by: java.lang.ClassNotFoundException: com.dwl.base.accessdatevalue.component.DWLAccessDateValueBObj
[mdm.runTransform] 	at java.net.URLClassLoader.findClass(URLClassLoader.java:607)
[mdm.runTransform] 	at java.lang.ClassLoader.loadClassHelper(ClassLoader.java:797)
[mdm.runTransform] 	at java.lang.ClassLoader.loadClass(ClassLoader.java:771)
[mdm.runTransform] 	at java.lang.ClassLoader.loadClass(ClassLoader.java:752)
[mdm.runTransform] 	... 59 more
[mdm.runTransform] java.lang.NoClassDefFoundError: com.dwl.base.accessdatevalue.component.DWLAccessDateValueBObj
[mdm.runTransform] 	at java.lang.Class.getDeclaredMethodsImpl(Native Method)
[mdm.runTransform] 	at java.lang.Class.getDeclaredMethods(Class.java:1009)
[mdm.runTransform] 	at com.ibm.mdm.tools.models.jet.utils.ExtensionHelper.getEObjMethodName(ExtensionHelper.java:113)
[mdm.runTransform] 	at com.ibm.mdm.tools.models.jet.utils.ExtensionHelper.getEObjMethodName(ExtensionHelper.java:144)
[mdm.runTransform] 	at com.ibm.mdm.tools.models.core.template.query.QXEntityBObjQueryJavaTemplate.generate(QXEntityBObjQueryJavaTemplate.java:690)
[mdm.runTransform] 	at org.eclipse.jet.transform.TransformContextExtender.doExecute(TransformContextExtender.java:236)
[mdm.runTransform] 	at org.eclipse.jet.transform.TransformContextExtender.executeWithMonitor(TransformContextExtender.java:147)
[mdm.runTransform] 	at org.eclipse.jet.transform.TransformContextExtender.execute(TransformContextExtender.java:206)
[mdm.runTransform] 	at org.eclipse.jet.transform.TransformContextExtender.execute(TransformContextExtender.java:124)
[mdm.runTransform] 	at org.eclipse.jet.internal.taglib.java.AbstractJavaFileTag.doAction(AbstractJavaFileTag.java:95)
[mdm.runTransform] 	at org.eclipse.jet.internal.runtime.SafeEmptyRuntimeTag$1.doRun(SafeEmptyRuntimeTag.java:49)
[mdm.runTransform] 	at org.eclipse.jet.internal.runtime.SafeCustomRuntimeTag$TagSafeRunnable.run(SafeCustomRuntimeTag.java:78)
[mdm.runTransform] 	at org.eclipse.core.runtime.SafeRunner.run(SafeRunner.java:42)
[mdm.runTransform] 	at org.eclipse.core.runtime.Platform.run(Platform.java:867)
[mdm.runTransform] 	at org.eclipse.jet.internal.runtime.SafeEmptyRuntimeTag.doStart(SafeEmptyRuntimeTag.java:43)
[mdm.runTransform] 	at org.eclipse.jet.compiled._jet_implejbmain.generate(_jet_implejbmain.java:465)
[mdm.runTransform] 	at org.eclipse.jet.transform.TransformContextExtender.doExecute(TransformContextExtender.java:236)
[mdm.runTransform] 	at org.eclipse.jet.transform.TransformContextExtender.executeWithMonitor(TransformContextExtender.java:147)
[mdm.runTransform] 	at org.eclipse.jet.transform.TransformContextExtender.execute(TransformContextExtender.java:206)
[mdm.runTransform] 	at org.eclipse.jet.internal.taglib.control.IncludeTag.doAction(IncludeTag.java:79)
[mdm.runTransform] 	at org.eclipse.jet.internal.runtime.SafeEmptyRuntimeTag$1.doRun(SafeEmptyRuntimeTag.java:49)
[mdm.runTransform] 	at org.eclipse.jet.internal.runtime.SafeCustomRuntimeTag$TagSafeRunnable.run(SafeCustomRuntimeTag.java:78)
[mdm.runTransform] 	at org.eclipse.core.runtime.SafeRunner.run(SafeRunner.java:42)
[mdm.runTransform] 	at org.eclipse.core.runtime.Platform.run(Platform.java:867)
[mdm.runTransform] 	at org.eclipse.jet.internal.runtime.SafeEmptyRuntimeTag.doStart(SafeEmptyRuntimeTag.java:43)
[mdm.runTransform] 	at org.eclipse.jet.compiled._jet_main.generate(_jet_main.java:80)
[mdm.runTransform] 	at org.eclipse.jet.transform.TransformContextExtender.doExecute(TransformContextExtender.java:236)
[mdm.runTransform] 	at org.eclipse.jet.transform.TransformContextExtender.executeWithMonitor(TransformContextExtender.java:147)
[mdm.runTransform] 	at org.eclipse.jet.transform.TransformContextExtender.execute(TransformContextExtender.java:206)
[mdm.runTransform] 	at org.eclipse.jet.transform.TransformContextExtender.execute(TransformContextExtender.java:124)
[mdm.runTransform] 	at org.eclipse.jet.JET2Platform$5.run(JET2Platform.java:450)
[mdm.runTransform] 	at org.eclipse.jet.internal.runtime.JETBundleManager.run(JETBundleManager.java:340)
[mdm.runTransform] 	at org.eclipse.jet.JET2Platform.runTransform(JET2Platform.java:419)
[mdm.runTransform] 	at org.eclipse.jet.JET2Platform.runTransformOnObject(JET2Platform.java:518)
[mdm.runTransform] 	at com.ibm.mdm.tools.models.core.codegen.ant.RunTransformImpl.execute(RunTransformImpl.java:105)
[mdm.runTransform] 	at com.ibm.mdm.tools.models.core.codegen.ant.RunTransform.execute(RunTransform.java:103)
[mdm.runTransform] 	at org.apache.tools.ant.UnknownElement.execute(UnknownElement.java:292)
[mdm.runTransform] 	at sun.reflect.GeneratedMethodAccessor50.invoke(Unknown Source)
[mdm.runTransform] 	at sun.reflect.DelegatingMethodAccessorImpl.invoke(DelegatingMethodAccessorImpl.java:55)
[mdm.runTransform] 	at java.lang.reflect.Method.invoke(Method.java:507)
[mdm.runTransform] 	at org.apache.tools.ant.dispatch.DispatchUtils.execute(DispatchUtils.java:106)
[mdm.runTransform] 	at org.apache.tools.ant.Task.perform(Task.java:348)
[mdm.runTransform] 	at org.apache.tools.ant.Target.execute(Target.java:435)
[mdm.runTransform] 	at org.apache.tools.ant.Target.performTasks(Target.java:456)
[mdm.runTransform] 	at org.apache.tools.ant.Project.executeSortedTargets(Project.java:1393)
[mdm.runTransform] 	at org.apache.tools.ant.Project.executeTarget(Project.java:1364)
[mdm.runTransform] 	at org.apache.tools.ant.helper.DefaultExecutor.executeTargets(DefaultExecutor.java:41)
[mdm.runTransform] 	at org.eclipse.ant.internal.core.ant.EclipseDefaultExecutor.executeTargets(EclipseDefaultExecutor.java:36)
[mdm.runTransform] 	at org.apache.tools.ant.Project.executeTargets(Project.java:1248)
[mdm.runTransform] 	at org.eclipse.ant.internal.core.ant.InternalAntRunner.run(InternalAntRunner.java:703)
[mdm.runTransform] 	at org.eclipse.ant.internal.core.ant.InternalAntRunner.run(InternalAntRunner.java:525)
[mdm.runTransform] 	at sun.reflect.NativeMethodAccessorImpl.invoke0(Native Method)
[mdm.runTransform] 	at sun.reflect.NativeMethodAccessorImpl.invoke(NativeMethodAccessorImpl.java:95)
[mdm.runTransform] 	at sun.reflect.DelegatingMethodAccessorImpl.invoke(DelegatingMethodAccessorImpl.java:55)
[mdm.runTransform] 	at java.lang.reflect.Method.invoke(Method.java:507)
[mdm.runTransform] 	at org.eclipse.ant.core.AntRunner.run(AntRunner.java:371)
[mdm.runTransform] 	at com.ibm.mdm.tools.models.core.codegen.RunBuildScriptJob.runInWorkspace(RunBuildScriptJob.java:146)
[mdm.runTransform] 	at org.eclipse.core.internal.resources.InternalWorkspaceJob.run(InternalWorkspaceJob.java:38)
[mdm.runTransform] 	at org.eclipse.core.internal.jobs.Worker.run(Worker.java:54)
[mdm.runTransform] Caused by: java.lang.ClassNotFoundException: com.dwl.base.accessdatevalue.component.DWLAccessDateValueBObj
[mdm.runTransform] 	at java.net.URLClassLoader.findClass(URLClassLoader.java:607)
[mdm.runTransform] 	at java.lang.ClassLoader.loadClassHelper(ClassLoader.java:797)
[mdm.runTransform] 	at java.lang.ClassLoader.loadClass(ClassLoader.java:771)
[mdm.runTransform] 	at java.lang.ClassLoader.loadClass(ClassLoader.java:752)
[mdm.runTransform] 	... 59 more
Task:mdm.runTransform took 9524 ms
Starting task:antcall
Starting task:description
Task:description took 0 ms
Starting task:property
Task:property took 1 ms
Starting task:xmlproperty
Task:xmlproperty took 7 ms
Starting task:eclipse.convertPath
Task:eclipse.convertPath took 0 ms
Starting target:init
Starting task:mdm.outputVersion
[mdm.outputVersion] Server version: 11.6.0
[mdm.outputVersion] Workbench version: 11.6.0.201806071056
Task:mdm.outputVersion took 0 ms
Starting task:mdm.setproperty
Task:mdm.setproperty took 1 ms
Starting task:mdm.setSourceFolder
Task:mdm.setSourceFolder took 0 ms
Target: init took 1 ms
Starting target:validate
Starting task:mdm.validate
Task:mdm.validate took 218 ms
Starting task:fail
Task:fail took 0 ms
Target: validate took 219 ms
Starting target:DBCodeGen
Starting task:eclipse.incrementalBuild
Task:eclipse.incrementalBuild took 2013 ms
Starting task:condition
Task:condition took 0 ms
Starting task:antcall
Starting task:description
Task:description took 1 ms
Starting task:property
Task:property took 0 ms
Starting task:xmlproperty
Task:xmlproperty took 7 ms
Starting task:eclipse.convertPath
Task:eclipse.convertPath took 0 ms
Starting target:checkTODOs
Starting task:mdm.checkTODOs
Task:mdm.checkTODOs took 6 ms
Starting task:fail
Task:fail took 0 ms
Target: checkTODOs took 6 ms
Task:antcall took 24 ms
Starting task:mdm.DBCodeGen
[mdm.DBCodeGen] Generating implementation for interface mdmnw.entityObject.EObjxNWPartyAddressExtData.
[mdm.DBCodeGen] 
[mdm.DBCodeGen] 
[mdm.DBCodeGen] 
[mdm.DBCodeGen] ================================================================================
[mdm.DBCodeGen] 
[mdm.DBCodeGen] Starting to process options:  -allowMDMBeanRules "TRUE" -interface "mdmnw.entityObject.EObjxNWPartyAddressExtData" -rootPath "C:\Work\workspaceNW5\MDMNW\src" -offlineGenerationMetadata "C:\Work\workspaceNW5\MDMNW\src\mdmnw\entityObject\EObjxNWPartyAddressExtData.xml"
[mdm.DBCodeGen] 
[mdm.DBCodeGen] 
[mdm.DBCodeGen] The Generator utility successfully generated an implementation class for the interface <mdmnw.entityObject.EObjxNWPartyAddressExtData>.
[mdm.DBCodeGen] Generating implementation for interface mdmnw.entityObject.XNWPartyAddressExtInquiryData.
[mdm.DBCodeGen] 
[mdm.DBCodeGen] 
[mdm.DBCodeGen] ================================================================================
[mdm.DBCodeGen] 
[mdm.DBCodeGen] Starting to process options:  -allowMDMBeanRules "TRUE" -interface "mdmnw.entityObject.XNWPartyAddressExtInquiryData" -rootPath "C:\Work\workspaceNW5\MDMNW\src" -offlineGenerationMetadata "C:\Work\workspaceNW5\MDMNW\src\mdmnw\entityObject\XNWPartyAddressExtInquiryData.xml"
[mdm.DBCodeGen] 
[mdm.DBCodeGen] 
[mdm.DBCodeGen] The Generator utility successfully generated an implementation class for the interface <mdmnw.entityObject.XNWPartyAddressExtInquiryData>.
Task:mdm.DBCodeGen took 1496 ms
Target: DBCodeGen took 3534 ms
Task:antcall took 3778 ms
Starting task:mdm.runTransform
Task:mdm.runTransform took 7069 ms
Target: implementation took 31659 ms
Starting target:createReferenceModel
Starting task:mdm.createReferenceModel
Task:mdm.createReferenceModel took 110 ms
Target: createReferenceModel took 110 ms
Starting target:merge
Starting task:mdm.merge
Task:mdm.merge took 54 ms
Starting task:mdm.merge
Task:mdm.merge took 22 ms
Target: merge took 76 ms
Starting target:organiseResources
Starting task:mdm.refreshResources
Task:mdm.refreshResources took 1702 ms
Target: organiseResources took 1702 ms
Starting target:organiseImports
Starting task:mdm.organiseImports
Task:mdm.organiseImports took 1103 ms
Target: organiseImports took 1103 ms
Starting target:samples
Starting task:mdm.runTransform
Task:mdm.runTransform took 6686 ms
Target: samples took 6686 ms
Starting target:all
Starting task:eclipse.incrementalBuild
Task:eclipse.incrementalBuild took 4770 ms
Target: all took 4770 ms
BUILD SUCCESSFUL

BUILD SUCCESSFUL
Total time: 53 seconds

---- Total task times ---- 
Task fail took a total time of 3 ( over 4 occurrences)
Task property took a total time of 5 ( over 3 occurrences)
Task mdm.checkModuleDependencies took a total time of 6 ( over 1 occurrences)
Task mdm.checkTODOs took a total time of 6 ( over 1 occurrences)
Task eclipse.convertPath took a total time of 11 ( over 3 occurrences)
Task condition took a total time of 16 ( over 2 occurrences)
Task mdm.outputVersion took a total time of 17 ( over 2 occurrences)
Task mdm.setSourceFolder took a total time of 20 ( over 2 occurrences)
Task xmlproperty took a total time of 25 ( over 3 occurrences)
Task mdm.setproperty took a total time of 64 ( over 2 occurrences)
Task mdm.merge took a total time of 76 ( over 2 occurrences)
Task mdm.createReferenceModel took a total time of 110 ( over 1 occurrences)
Task description took a total time of 160 ( over 3 occurrences)
Task mdm.validate took a total time of 505 ( over 2 occurrences)
Task mdm.organiseImports took a total time of 1103 ( over 1 occurrences)
Task mdm.DBCodeGen took a total time of 1496 ( over 1 occurrences)
Task mdm.refreshResources took a total time of 1702 ( over 1 occurrences)
Task mdm.cleanup took a total time of 2736 ( over 1 occurrences)
Task antcall took a total time of 3802 ( over 2 occurrences)
Task eclipse.incrementalBuild took a total time of 7504 ( over 3 occurrences)
Task mdm.runTransform took a total time of 37960 ( over 6 occurrences)
